#
# A fatal error has been detected by the Java Runtime Environment:
#
#  EXCEPTION_ACCESS_VIOLATION (0xc0000005) at pc=0x00007ffbe7400c4f, pid=13720, tid=0x000000000000404c
#
# JRE version: Java(TM) SE Runtime Environment (8.0_112-b15) (build 1.8.0_112-b15)
# Java VM: Java HotSpot(TM) 64-Bit Server VM (25.112-b15 mixed mode windows-amd64 compressed oops)
# Problematic frame:
# C  [librdi_simdata.dll+0x50c4f]
#
# Failed to write core dump. Minidumps are not enabled by default on client versions of Windows
#
# If you would like to submit a bug report, please visit:
#   http://bugreport.java.com/bugreport/crash.jsp
# The crash happened outside the Java Virtual Machine in native code.
# See problematic frame for where to report the bug.
#

---------------  T H R E A D  ---------------

Current thread (0x00000179740d8800):  JavaThread "AWT-EventQueue-1" [_thread_in_native, id=16460, stack(0x0000004452000000,0x0000004452500000)]

siginfo: ExceptionCode=0xc0000005, reading address 0x0000000000000000

Registers:
RAX=0x00007ffbe754fd50, RBX=0x0000017901efca40, RCX=0x0000000000000000, RDX=0x00007ffbe754fd50
RSP=0x00000044524fcc60, RBP=0x0000000000000000, RSI=0x0000000000000001, RDI=0x0000000000000000
R8 =0x0000000000000000, R9 =0x0000000000000001, R10=0x0000000000008000, R11=0x00000044524fcc10
R12=0x00007ffbe74897fc, R13=0x000001797215c530, R14=0x00000044524fce68, R15=0x0000017959a30130
RIP=0x00007ffbe7400c4f, EFLAGS=0x0000000000010246

Top of Stack: (sp=0x00000044524fcc60)
0x00000044524fcc60:   0000000000000000 00007ffbe73d8939
0x00000044524fcc70:   0000017901efca40 00007ffc30ae14cb
0x00000044524fcc80:   fffffffffffffffe 0000000000000000
0x00000044524fcc90:   00000044524fce68 0000000000000000
0x00000044524fcca0:   0000000000000001 00007ffbe73ffb3c
0x00000044524fccb0:   0000017901efca40 0000017900000000
0x00000044524fccc0:   0000000000000000 000001790267cd40
0x00000044524fccd0:   fffffffffffffffe 0000017959a30130
0x00000044524fcce0:   0000000000000000 00007ffbe7403cd0
0x00000044524fccf0:   000001790267cd40 0000017901efca40
0x00000044524fcd00:   0000000000000001 0000017900000000
0x00000044524fcd10:   fffffffffffffffe 00007ffbe74897fc
0x00000044524fcd20:   0000000000000000 00007ffbe7414e4a
0x00000044524fcd30:   00007ffbe754ffd8 0000017959a30130
0x00000044524fcd40:   0000017959a30b08 0000000000000000
0x00000044524fcd50:   0000017959a301d0 00007ffbe74c4459 

Instructions: (pc=0x00007ffbe7400c4f)
0x00007ffbe7400c2f:   e8 fc fe ff ff 48 8b d0 48 8b cb 48 c1 e9 03 48
0x00007ffbe7400c3f:   03 cb 48 23 48 30 4c 8b 40 18 48 8b f9 48 03 ff
0x00007ffbe7400c4f:   49 8b 3c f8 48 03 c9 4c 8d 0c cd 08 00 00 00 4d
0x00007ffbe7400c5f:   8b 14 c8 4c 3b 52 08 75 06 48 8b 42 08 eb 07 4b 


Register to memory mapping:

RAX=0x00007ffbe754fd50 is an unknown value
RBX=0x0000017901efca40 is an unknown value
RCX=0x0000000000000000 is an unknown value
RDX=0x00007ffbe754fd50 is an unknown value
RSP=0x00000044524fcc60 is pointing into the stack for thread: 0x00000179740d8800
RBP=0x0000000000000000 is an unknown value
RSI=0x0000000000000001 is an unknown value
RDI=0x0000000000000000 is an unknown value
R8 =0x0000000000000000 is an unknown value
R9 =0x0000000000000001 is an unknown value
R10=0x0000000000008000 is an unknown value
R11=0x00000044524fcc10 is pointing into the stack for thread: 0x00000179740d8800
R12=0x00007ffbe74897fc is an unknown value
R13={method} {0x000001797215c538} 'abortNow' '()V' in 'ui/frmwork/tcltasksi'
R14=0x00000044524fce68 is pointing into the stack for thread: 0x00000179740d8800
R15=0x0000017959a30130 is an unknown value


Stack: [0x0000004452000000,0x0000004452500000],  sp=0x00000044524fcc60,  free space=5107k
Native frames: (J=compiled Java code, j=interpreted, Vv=VM code, C=native code)

Java frames: (J=compiled Java code, j=interpreted, Vv=VM code)
j  ui.frmwork.tcltasksi.abortNow()V+0
j  ui.bi.b(Ljava/awt/Component;)Z+72
j  ui.bk.windowClosing(Ljava/awt/event/WindowEvent;)V+79
j  java.awt.AWTEventMulticaster.windowClosing(Ljava/awt/event/WindowEvent;)V+21
j  java.awt.AWTEventMulticaster.windowClosing(Ljava/awt/event/WindowEvent;)V+8
j  java.awt.AWTEventMulticaster.windowClosing(Ljava/awt/event/WindowEvent;)V+8
j  java.awt.Window.processWindowEvent(Ljava/awt/event/WindowEvent;)V+68
j  javax.swing.JFrame.processWindowEvent(Ljava/awt/event/WindowEvent;)V+2
J 17727 C1 java.awt.Window.processEvent(Ljava/awt/AWTEvent;)V (101 bytes) @ 0x000001795d0fc98c [0x000001795d0fc280+0x70c]
J 19199 C2 java.awt.Component.dispatchEventImpl(Ljava/awt/AWTEvent;)V (883 bytes) @ 0x000001795ee89a50 [0x000001795ee89160+0x8f0]
J 13793 C2 java.awt.Container.dispatchEventImpl(Ljava/awt/AWTEvent;)V (129 bytes) @ 0x000001795dd43264 [0x000001795dd43200+0x64]
J 14473 C2 java.awt.Window.dispatchEventImpl(Ljava/awt/AWTEvent;)V (23 bytes) @ 0x000001795ce5538c [0x000001795ce55340+0x4c]
J 11249 C2 java.awt.EventQueue$3.run()Ljava/lang/Object; (5 bytes) @ 0x000001795c747920 [0x000001795c747520+0x400]
v  ~StubRoutines::call_stub
J 1642  java.security.AccessController.doPrivileged(Ljava/security/PrivilegedAction;Ljava/security/AccessControlContext;)Ljava/lang/Object; (0 bytes) @ 0x000001795bb19a66 [0x000001795bb19a00+0x66]
J 14651 C2 java.awt.EventQueue$4.run()Ljava/lang/Object; (5 bytes) @ 0x000001795b6a54f4 [0x000001795b6a5360+0x194]
v  ~StubRoutines::call_stub
J 1642  java.security.AccessController.doPrivileged(Ljava/security/PrivilegedAction;Ljava/security/AccessControlContext;)Ljava/lang/Object; (0 bytes) @ 0x000001795bb19a66 [0x000001795bb19a00+0x66]
J 11541 C2 ui.frmwork.b.d.dispatchEvent(Ljava/awt/AWTEvent;)V (45 bytes) @ 0x000001795c5eb818 [0x000001795c5eb560+0x2b8]
J 12115 C2 java.awt.EventDispatchThread.pumpOneEventForFilters(I)V (295 bytes) @ 0x000001795c606be0 [0x000001795c606860+0x380]
J 19130% C2 java.awt.EventDispatchThread.pumpEventsForFilter(ILjava/awt/Conditional;Ljava/awt/EventFilter;)V (47 bytes) @ 0x000001795ee61560 [0x000001795ee61460+0x100]
j  java.awt.EventDispatchThread.pumpEventsForHierarchy(ILjava/awt/Conditional;Ljava/awt/Component;)V+11
j  java.awt.EventDispatchThread.pumpEvents(ILjava/awt/Conditional;)V+4
j  java.awt.EventDispatchThread.pumpEvents(Ljava/awt/Conditional;)V+3
j  java.awt.EventDispatchThread.run()V+9
v  ~StubRoutines::call_stub

---------------  P R O C E S S  ---------------

Java Threads: ( => current thread )
  0x00000179774fb000 JavaThread "Image Fetcher 0" daemon [_thread_blocked, id=15284, stack(0x0000004456500000,0x0000004456a00000)]
  0x00000179774fb800 JavaThread "Run Simulation" [_thread_in_native, id=12220, stack(0x0000004456000000,0x0000004456500000)]
  0x00000179774f8800 JavaThread "SyntheticaAnimation 50" daemon [_thread_blocked, id=3944, stack(0x0000004455b00000,0x0000004456000000)]
  0x0000017977309000 JavaThread "Monitor File Timestamp Swing Worker" [_thread_blocked, id=13536, stack(0x0000004455600000,0x0000004455b00000)]
  0x0000017977308800 JavaThread "Timer-2" [_thread_blocked, id=1364, stack(0x0000004455000000,0x0000004455500000)]
  0x000001797730b800 JavaThread "SyntheticaAnimation 50" daemon [_thread_blocked, id=16032, stack(0x0000004454b00000,0x0000004455000000)]
  0x000001797730a800 JavaThread "Thread-26" [_thread_in_native, id=13836, stack(0x0000004451100000,0x0000004451200000)]
  0x000001797730a000 JavaThread "Thread-25" [_thread_in_native, id=16576, stack(0x0000004455500000,0x0000004455600000)]
  0x00000179753ea800 JavaThread "hw_ila_monitor" [_thread_blocked, id=15312, stack(0x0000004454600000,0x0000004454b00000)]
  0x00000179753e7000 JavaThread "Update Runs Swing Worker" [_thread_blocked, id=12948, stack(0x0000004453400000,0x0000004453900000)]
  0x00000179753e9000 JavaThread "Refresh Filesets Swing Worker" [_thread_blocked, id=7892, stack(0x0000004452a00000,0x0000004452f00000)]
  0x00000179753ea000 JavaThread "SyntheticaAnimation 70" daemon [_thread_blocked, id=15128, stack(0x0000004452500000,0x0000004452a00000)]
  0x00000179753ed000 JavaThread "SyntheticaAnimation 25" daemon [_thread_blocked, id=9240, stack(0x0000004454100000,0x0000004454600000)]
  0x00000179753e8800 JavaThread "SyntheticaAnimation 50" daemon [_thread_blocked, id=14224, stack(0x0000004453c00000,0x0000004454100000)]
  0x00000179753ec000 JavaThread "Batik CleanerThread" daemon [_thread_blocked, id=16620, stack(0x0000004452f00000,0x0000004453400000)]
  0x00000179752f6000 JavaThread "SyntheticaCleanerThread" daemon [_thread_blocked, id=15820, stack(0x0000004451600000,0x0000004451b00000)]
=>0x00000179740d8800 JavaThread "AWT-EventQueue-1" [_thread_in_native, id=16460, stack(0x0000004452000000,0x0000004452500000)]
  0x0000017975001000 JavaThread "Process Messages" [_thread_blocked, id=7932, stack(0x0000004451b00000,0x0000004452000000)]
  0x0000017974fff000 JavaThread "Thread-3" [_thread_in_native, id=8616, stack(0x000000444c300000,0x000000444d700000)]
  0x0000017973ec3000 JavaThread "AWT-Windows" daemon [_thread_in_native, id=1156, stack(0x0000004450c00000,0x0000004451100000)]
  0x0000017973eb2000 JavaThread "AWT-Shutdown" [_thread_blocked, id=17176, stack(0x0000004450700000,0x0000004450c00000)]
  0x0000017973eb1000 JavaThread "Java2D Disposer" daemon [_thread_blocked, id=2888, stack(0x0000004450200000,0x0000004450700000)]
  0x0000017973e9b800 JavaThread "TimerQueue" daemon [_thread_blocked, id=11188, stack(0x000000444fd00000,0x0000004450200000)]
  0x0000017972613000 JavaThread "Service Thread" daemon [_thread_blocked, id=2876, stack(0x000000444f700000,0x000000444fc00000)]
  0x000001797260a000 JavaThread "C1 CompilerThread2" daemon [_thread_in_vm, id=17160, stack(0x000000444f600000,0x000000444f700000)]
  0x0000017972605000 JavaThread "C2 CompilerThread1" daemon [_thread_blocked, id=10336, stack(0x000000444f500000,0x000000444f600000)]
  0x0000017972603800 JavaThread "C2 CompilerThread0" daemon [_thread_blocked, id=6300, stack(0x000000444f400000,0x000000444f500000)]
  0x0000017972601000 JavaThread "Attach Listener" daemon [_thread_blocked, id=3276, stack(0x000000444ef00000,0x000000444f400000)]
  0x00000179725ff800 JavaThread "Signal Dispatcher" daemon [_thread_blocked, id=11924, stack(0x000000444ea00000,0x000000444ef00000)]
  0x00000179725ea000 JavaThread "Finalizer" daemon [_thread_blocked, id=7336, stack(0x000000444e500000,0x000000444ea00000)]
  0x00000179725c3000 JavaThread "Reference Handler" daemon [_thread_blocked, id=664, stack(0x000000444e000000,0x000000444e500000)]
  0x000001795b435800 JavaThread "main" [_thread_blocked, id=1492, stack(0x000000444da00000,0x000000444db00000)]

Other Threads:
  0x00000179725c1800 VMThread [stack: 0x000000444df00000,0x000000444e000000] [id=10440]
  0x000001797269c000 WatcherThread [stack: 0x000000444fc00000,0x000000444fd00000] [id=11176]

VM state:not at safepoint (normal execution)

VM Mutex/Monitor currently owned by a thread:  ([mutex/lock_event])
[0x000001795b433de0] CompiledIC_lock - owner thread: 0x000001797260a000

Heap:
 PSYoungGen      total 57856K, used 50418K [0x00000007bc400000, 0x00000007c0000000, 0x00000007c0000000)
  eden space 54272K, 90% used [0x00000007bc400000,0x00000007bf434b40,0x00000007bf900000)
  from space 3584K, 29% used [0x00000007bf900000,0x00000007bfa08000,0x00000007bfc80000)
  to   space 3584K, 0% used [0x00000007bfc80000,0x00000007bfc80000,0x00000007c0000000)
 ParOldGen       total 158208K, used 61520K [0x0000000700000000, 0x0000000709a80000, 0x00000007bc400000)
  object space 158208K, 38% used [0x0000000700000000,0x0000000703c14248,0x0000000709a80000)
 Metaspace       used 69657K, capacity 70283K, committed 70784K, reserved 1110016K
  class space    used 9189K, capacity 9317K, committed 9344K, reserved 1048576K

Card table byte_map: [0x000001796a8f0000,0x000001796af00000] byte_map_base: 0x00000179670f0000

Marking Bits: (ParMarkBitMap*) 0x000000007370a6d0
 Begin Bits: [0x000001796b4f0000, 0x000001796e4f0000)
 End Bits:   [0x000001796e4f0000, 0x00000179714f0000)

Polling page: 0x00000179532b0000

CodeCache: size=245760Kb used=60318Kb max_used=60330Kb free=185441Kb
 bounds [0x000001795b530000, 0x000001795f0a0000, 0x000001796a530000]
 total_blobs=15757 nmethods=14866 adapters=794
 compilation: enabled

Compilation events (10 events):
Event: 1487.097 Thread 0x000001797260a000 19800   !   3       java.awt.Toolkit::removeAWTEventListener (183 bytes)
Event: 1487.098 Thread 0x000001797260a000 nmethod 19800 0x000001795da0ee50 code [0x000001795da0f0c0, 0x000001795da10510]
Event: 1487.524 Thread 0x000001797260a000 19801       3       javax.swing.text.html.HTMLEditorKit$LinkController::<init> (28 bytes)
Event: 1487.524 Thread 0x000001797260a000 nmethod 19801 0x000001795d36df50 code [0x000001795d36e0c0, 0x000001795d36e3b8]
Event: 1488.058 Thread 0x0000017972605000 19802       4       java.awt.AWTEventMulticaster::<init> (15 bytes)
Event: 1488.058 Thread 0x0000017972605000 nmethod 19802 0x000001795ccf85d0 code [0x000001795ccf8700, 0x000001795ccf8778]
Event: 1488.500 Thread 0x0000017972603800 19803       4       sun.java2d.SunGraphics2D::setRenderingHints (172 bytes)
Event: 1488.517 Thread 0x0000017972603800 nmethod 19803 0x000001795dab7b10 code [0x000001795dab7d00, 0x000001795dab8800]
Event: 1489.606 Thread 0x000001797260a000 19804   !   3       java.awt.KeyboardFocusManager::isAutoFocusTransferEnabled (41 bytes)
Event: 1489.606 Thread 0x000001797260a000 nmethod 19804 0x000001795ed50350 code [0x000001795ed504c0, 0x000001795ed508b8]

GC Heap History (10 events):
Event: 1469.966 GC heap before
{Heap before GC invocations=359 (full 84):
 PSYoungGen      total 57344K, used 55639K [0x00000007bc400000, 0x00000007c0000000, 0x00000007c0000000)
  eden space 53248K, 100% used [0x00000007bc400000,0x00000007bf800000,0x00000007bf800000)
  from space 4096K, 58% used [0x00000007bfc00000,0x00000007bfe55fa0,0x00000007c0000000)
  to   space 4096K, 0% used [0x00000007bf800000,0x00000007bf800000,0x00000007bfc00000)
 ParOldGen       total 158208K, used 60152K [0x0000000700000000, 0x0000000709a80000, 0x00000007bc400000)
  object space 158208K, 38% used [0x0000000700000000,0x0000000703abe248,0x0000000709a80000)
 Metaspace       used 69632K, capacity 70283K, committed 70784K, reserved 1110016K
  class space    used 9189K, capacity 9317K, committed 9344K, reserved 1048576K
Event: 1469.971 GC heap after
Heap after GC invocations=359 (full 84):
 PSYoungGen      total 57344K, used 2135K [0x00000007bc400000, 0x00000007c0000000, 0x00000007c0000000)
  eden space 53248K, 0% used [0x00000007bc400000,0x00000007bc400000,0x00000007bf800000)
  from space 4096K, 52% used [0x00000007bf800000,0x00000007bfa15fa0,0x00000007bfc00000)
  to   space 4096K, 0% used [0x00000007bfc00000,0x00000007bfc00000,0x00000007c0000000)
 ParOldGen       total 158208K, used 60360K [0x0000000700000000, 0x0000000709a80000, 0x00000007bc400000)
  object space 158208K, 38% used [0x0000000700000000,0x0000000703af2268,0x0000000709a80000)
 Metaspace       used 69632K, capacity 70283K, committed 70784K, reserved 1110016K
  class space    used 9189K, capacity 9317K, committed 9344K, reserved 1048576K
}
Event: 1470.392 GC heap before
{Heap before GC invocations=360 (full 84):
 PSYoungGen      total 57344K, used 55383K [0x00000007bc400000, 0x00000007c0000000, 0x00000007c0000000)
  eden space 53248K, 100% used [0x00000007bc400000,0x00000007bf800000,0x00000007bf800000)
  from space 4096K, 52% used [0x00000007bf800000,0x00000007bfa15fa0,0x00000007bfc00000)
  to   space 4096K, 0% used [0x00000007bfc00000,0x00000007bfc00000,0x00000007c0000000)
 ParOldGen       total 158208K, used 60360K [0x0000000700000000, 0x0000000709a80000, 0x00000007bc400000)
  object space 158208K, 38% used [0x0000000700000000,0x0000000703af2268,0x0000000709a80000)
 Metaspace       used 69632K, capacity 70283K, committed 70784K, reserved 1110016K
  class space    used 9189K, capacity 9317K, committed 9344K, reserved 1048576K
Event: 1470.398 GC heap after
Heap after GC invocations=360 (full 84):
 PSYoungGen      total 57856K, used 1719K [0x00000007bc400000, 0x00000007c0000000, 0x00000007c0000000)
  eden space 53760K, 0% used [0x00000007bc400000,0x00000007bc400000,0x00000007bf880000)
  from space 4096K, 41% used [0x00000007bfc00000,0x00000007bfdadfa0,0x00000007c0000000)
  to   space 3584K, 0% used [0x00000007bf880000,0x00000007bf880000,0x00000007bfc00000)
 ParOldGen       total 158208K, used 60704K [0x0000000700000000, 0x0000000709a80000, 0x00000007bc400000)
  object space 158208K, 38% used [0x0000000700000000,0x0000000703b482a8,0x0000000709a80000)
 Metaspace       used 69632K, capacity 70283K, committed 70784K, reserved 1110016K
  class space    used 9189K, capacity 9317K, committed 9344K, reserved 1048576K
}
Event: 1470.953 GC heap before
{Heap before GC invocations=361 (full 84):
 PSYoungGen      total 57856K, used 55479K [0x00000007bc400000, 0x00000007c0000000, 0x00000007c0000000)
  eden space 53760K, 100% used [0x00000007bc400000,0x00000007bf880000,0x00000007bf880000)
  from space 4096K, 41% used [0x00000007bfc00000,0x00000007bfdadfa0,0x00000007c0000000)
  to   space 3584K, 0% used [0x00000007bf880000,0x00000007bf880000,0x00000007bfc00000)
 ParOldGen       total 158208K, used 60704K [0x0000000700000000, 0x0000000709a80000, 0x00000007bc400000)
  object space 158208K, 38% used [0x0000000700000000,0x0000000703b482a8,0x0000000709a80000)
 Metaspace       used 69633K, capacity 70283K, committed 70784K, reserved 1110016K
  class space    used 9189K, capacity 9317K, committed 9344K, reserved 1048576K
Event: 1470.958 GC heap after
Heap after GC invocations=361 (full 84):
 PSYoungGen      total 57344K, used 1431K [0x00000007bc400000, 0x00000007c0000000, 0x00000007c0000000)
  eden space 53760K, 0% used [0x00000007bc400000,0x00000007bc400000,0x00000007bf880000)
  from space 3584K, 39% used [0x00000007bf880000,0x00000007bf9e5fa0,0x00000007bfc00000)
  to   space 3584K, 0% used [0x00000007bfc80000,0x00000007bfc80000,0x00000007c0000000)
 ParOldGen       total 158208K, used 61088K [0x0000000700000000, 0x0000000709a80000, 0x00000007bc400000)
  object space 158208K, 38% used [0x0000000700000000,0x0000000703ba82a8,0x0000000709a80000)
 Metaspace       used 69633K, capacity 70283K, committed 70784K, reserved 1110016K
  class space    used 9189K, capacity 9317K, committed 9344K, reserved 1048576K
}
Event: 1471.229 GC heap before
{Heap before GC invocations=362 (full 84):
 PSYoungGen      total 57344K, used 55191K [0x00000007bc400000, 0x00000007c0000000, 0x00000007c0000000)
  eden space 53760K, 100% used [0x00000007bc400000,0x00000007bf880000,0x00000007bf880000)
  from space 3584K, 39% used [0x00000007bf880000,0x00000007bf9e5fa0,0x00000007bfc00000)
  to   space 3584K, 0% used [0x00000007bfc80000,0x00000007bfc80000,0x00000007c0000000)
 ParOldGen       total 158208K, used 61088K [0x0000000700000000, 0x0000000709a80000, 0x00000007bc400000)
  object space 158208K, 38% used [0x0000000700000000,0x0000000703ba82a8,0x0000000709a80000)
 Metaspace       used 69633K, capacity 70283K, committed 70784K, reserved 1110016K
  class space    used 9189K, capacity 9317K, committed 9344K, reserved 1048576K
Event: 1471.233 GC heap after
Heap after GC invocations=362 (full 84):
 PSYoungGen      total 57856K, used 1367K [0x00000007bc400000, 0x00000007c0000000, 0x00000007c0000000)
  eden space 54272K, 0% used [0x00000007bc400000,0x00000007bc400000,0x00000007bf900000)
  from space 3584K, 38% used [0x00000007bfc80000,0x00000007bfdd5fa0,0x00000007c0000000)
  to   space 3584K, 0% used [0x00000007bf900000,0x00000007bf900000,0x00000007bfc80000)
 ParOldGen       total 158208K, used 61224K [0x0000000700000000, 0x0000000709a80000, 0x00000007bc400000)
  object space 158208K, 38% used [0x0000000700000000,0x0000000703bca2a8,0x0000000709a80000)
 Metaspace       used 69633K, capacity 70283K, committed 70784K, reserved 1110016K
  class space    used 9189K, capacity 9317K, committed 9344K, reserved 1048576K
}
Event: 1476.615 GC heap before
{Heap before GC invocations=363 (full 84):
 PSYoungGen      total 57856K, used 55639K [0x00000007bc400000, 0x00000007c0000000, 0x00000007c0000000)
  eden space 54272K, 100% used [0x00000007bc400000,0x00000007bf900000,0x00000007bf900000)
  from space 3584K, 38% used [0x00000007bfc80000,0x00000007bfdd5fa0,0x00000007c0000000)
  to   space 3584K, 0% used [0x00000007bf900000,0x00000007bf900000,0x00000007bfc80000)
 ParOldGen       total 158208K, used 61224K [0x0000000700000000, 0x0000000709a80000, 0x00000007bc400000)
  object space 158208K, 38% used [0x0000000700000000,0x0000000703bca2a8,0x0000000709a80000)
 Metaspace       used 69643K, capacity 70283K, committed 70784K, reserved 1110016K
  class space    used 9189K, capacity 9317K, committed 9344K, reserved 1048576K
Event: 1476.620 GC heap after
Heap after GC invocations=363 (full 84):
 PSYoungGen      total 57856K, used 1056K [0x00000007bc400000, 0x00000007c0000000, 0x00000007c0000000)
  eden space 54272K, 0% used [0x00000007bc400000,0x00000007bc400000,0x00000007bf900000)
  from space 3584K, 29% used [0x00000007bf900000,0x00000007bfa08000,0x00000007bfc80000)
  to   space 3584K, 0% used [0x00000007bfc80000,0x00000007bfc80000,0x00000007c0000000)
 ParOldGen       total 158208K, used 61520K [0x0000000700000000, 0x0000000709a80000, 0x00000007bc400000)
  object space 158208K, 38% used [0x0000000700000000,0x0000000703c14248,0x0000000709a80000)
 Metaspace       used 69643K, capacity 70283K, committed 70784K, reserved 1110016K
  class space    used 9189K, capacity 9317K, committed 9344K, reserved 1048576K
}

Deoptimization events (10 events):
Event: 1417.873 Thread 0x00000179740d8800 Uncommon trap: reason=class_check action=maybe_recompile pc=0x000001795dab8a74 method=javax.swing.plaf.synth.ParsedSynthStyle$DelegatingPainter.paintPanelBackground(Ljavax/swing/plaf/synth/SynthContext;Ljava/awt/Graphics;IIII)V @ 16
Event: 1420.154 Thread 0x00000179740d8800 Uncommon trap: reason=class_check action=maybe_recompile pc=0x000001795ddbe7e0 method=com.jidesoft.swing.JideSwingUtilities.getButtonState(Ljavax/swing/AbstractButton;)I @ 37
Event: 1421.314 Thread 0x00000179740d8800 Uncommon trap: reason=unstable_if action=reinterpret pc=0x000001795d553360 method=javax.swing.AbstractButton.removeNotify()V @ 8
Event: 1439.114 Thread 0x00000179740d8800 Uncommon trap: reason=unstable_if action=reinterpret pc=0x000001795e606b38 method=ui.views.T.a.bk.paintFolding(Ljava/awt/Graphics;Lcom/jidesoft/editor/folding/FoldingSpan;I)V @ 227
Event: 1440.639 Thread 0x00000179740d8800 Uncommon trap: reason=unstable_if action=reinterpret pc=0x000001795c82b148 method=com.jidesoft.editor.DefaultSpan.isValid()Z @ 16
Event: 1462.603 Thread 0x00000179740d8800 Uncommon trap: reason=unstable_if action=reinterpret pc=0x000001795dea2e5c method=de.javasoft.plaf.synthetica.SyntheticaLookAndFeel.popupHasIcons(Ljavax/swing/JPopupMenu;)Z @ 59
Event: 1462.619 Thread 0x00000179740d8800 Uncommon trap: reason=unstable_if action=reinterpret pc=0x000001795ec05b48 method=com.jidesoft.swing.JideSwingUtilities.getButtonState(Ljavax/swing/AbstractButton;)I @ 89
Event: 1486.617 Thread 0x00000179740d8800 Uncommon trap: reason=class_check action=maybe_recompile pc=0x000001795e2389e0 method=javax.swing.AbstractButton.setEnabled(Z)V @ 21
Event: 1486.622 Thread 0x00000179740d8800 Uncommon trap: reason=unstable_if action=reinterpret pc=0x000001795db42c28 method=java.text.DigitList.getDataChars(I)[C @ 4
Event: 1487.521 Thread 0x0000017973ec3000 Uncommon trap: reason=unstable_if action=reinterpret pc=0x000001795bdff198 method=sun.awt.windows.WWindowPeer.preprocessPostEvent(Ljava/awt/AWTEvent;)V @ 4

Internal exceptions (10 events):
Event: 1465.198 Thread 0x00000179740d8800 Exception <a 'java/io/FileNotFoundException'> (0x00000007bf592080) thrown at [C:\re\workspace\8-2-build-windows-amd64-cygwin\jdk8u112\7884\hotspot\src\share\vm\prims\jni.cpp, line 709]
Event: 1465.293 Thread 0x00000179740d8800 Exception <a 'java/io/FileNotFoundException'> (0x00000007bf5929d0) thrown at [C:\re\workspace\8-2-build-windows-amd64-cygwin\jdk8u112\7884\hotspot\src\share\vm\prims\jni.cpp, line 709]
Event: 1470.199 Thread 0x00000179740d8800 Exception <a 'java/io/FileNotFoundException'> (0x00000007bdd77ec8) thrown at [C:\re\workspace\8-2-build-windows-amd64-cygwin\jdk8u112\7884\hotspot\src\share\vm\prims\jni.cpp, line 709]
Event: 1470.302 Thread 0x00000179740d8800 Exception <a 'java/io/FileNotFoundException'> (0x00000007bebb3580) thrown at [C:\re\workspace\8-2-build-windows-amd64-cygwin\jdk8u112\7884\hotspot\src\share\vm\prims\jni.cpp, line 709]
Event: 1475.201 Thread 0x00000179740d8800 Exception <a 'java/io/FileNotFoundException'> (0x00000007bf6b73b8) thrown at [C:\re\workspace\8-2-build-windows-amd64-cygwin\jdk8u112\7884\hotspot\src\share\vm\prims\jni.cpp, line 709]
Event: 1475.295 Thread 0x00000179740d8800 Exception <a 'java/io/FileNotFoundException'> (0x00000007bf6be008) thrown at [C:\re\workspace\8-2-build-windows-amd64-cygwin\jdk8u112\7884\hotspot\src\share\vm\prims\jni.cpp, line 709]
Event: 1480.202 Thread 0x00000179740d8800 Exception <a 'java/io/FileNotFoundException'> (0x00000007bd537aa8) thrown at [C:\re\workspace\8-2-build-windows-amd64-cygwin\jdk8u112\7884\hotspot\src\share\vm\prims\jni.cpp, line 709]
Event: 1480.295 Thread 0x00000179740d8800 Exception <a 'java/io/FileNotFoundException'> (0x00000007bd53d888) thrown at [C:\re\workspace\8-2-build-windows-amd64-cygwin\jdk8u112\7884\hotspot\src\share\vm\prims\jni.cpp, line 709]
Event: 1485.202 Thread 0x00000179740d8800 Exception <a 'java/io/FileNotFoundException'> (0x00000007bda18e80) thrown at [C:\re\workspace\8-2-build-windows-amd64-cygwin\jdk8u112\7884\hotspot\src\share\vm\prims\jni.cpp, line 709]
Event: 1485.297 Thread 0x00000179740d8800 Exception <a 'java/io/FileNotFoundException'> (0x00000007bda201a0) thrown at [C:\re\workspace\8-2-build-windows-amd64-cygwin\jdk8u112\7884\hotspot\src\share\vm\prims\jni.cpp, line 709]

Events (10 events):
Event: 1487.521 Thread 0x0000017973ec3000 Uncommon trap: trap_request=0xffffff65 fr.pc=0x000001795bdff198
Event: 1487.521 Thread 0x0000017973ec3000 DEOPT PACKING pc=0x000001795bdff198 sp=0x00000044510fc170
Event: 1487.521 Thread 0x0000017973ec3000 DEOPT UNPACKING pc=0x000001795b575832 sp=0x00000044510fc0f0 mode 2
Event: 1487.528 Executing VM operation: RevokeBias
Event: 1487.528 Executing VM operation: RevokeBias done
Event: 1487.533 Thread 0x00000179774fb000 Thread added: 0x00000179774fb000
Event: 1487.535 Executing VM operation: RevokeBias
Event: 1487.535 Executing VM operation: RevokeBias done
Event: 1487.546 Executing VM operation: BulkRevokeBias
Event: 1487.546 Executing VM operation: BulkRevokeBias done


Dynamic libraries:
0x00007ff669860000 - 0x00007ff669890000 	D:\programme\Vivado\Vivado\2017.4\bin\unwrapped\win64.o\vivado.exe
0x00007ffc32f20000 - 0x00007ffc33110000 	C:\WINDOWS\SYSTEM32\ntdll.dll
0x00007ffc32680000 - 0x00007ffc32732000 	C:\WINDOWS\System32\KERNEL32.DLL
0x00007ffc30bd0000 - 0x00007ffc30e75000 	C:\WINDOWS\System32\KERNELBASE.dll
0x00007ffc30ad0000 - 0x00007ffc30bca000 	C:\WINDOWS\System32\ucrtbase.dll
0x00007ffc1dab0000 - 0x00007ffc1db41000 	C:\WINDOWS\SYSTEM32\MSVCP140.dll
0x00007ffc21800000 - 0x00007ffc21814000 	D:\programme\Vivado\Vivado\2017.4\lib\win64.o\librdi_commonmain.dll
0x00007ffbc5480000 - 0x00007ffbc6126000 	D:\programme\Vivado\Vivado\2017.4\lib\win64.o\librdi_common.dll
0x00007ffc29460000 - 0x00007ffc29474000 	D:\programme\Vivado\Vivado\2017.4\lib\win64.o\libboost_signals.dll
0x00007ffc32bf0000 - 0x00007ffc32d84000 	C:\WINDOWS\System32\USER32.dll
0x00007ffc1da80000 - 0x00007ffc1da99000 	C:\WINDOWS\SYSTEM32\VCRUNTIME140.dll
0x00007ffc30a10000 - 0x00007ffc30a31000 	C:\WINDOWS\System32\win32u.dll
0x00007ffc32840000 - 0x00007ffc32866000 	C:\WINDOWS\System32\GDI32.dll
0x00007ffc1daa0000 - 0x00007ffc1daac000 	C:\WINDOWS\SYSTEM32\VCRUNTIME140_1.dll
0x00007ffc2fea0000 - 0x00007ffc30038000 	C:\WINDOWS\System32\gdi32full.dll
0x00007ffc30970000 - 0x00007ffc30a0e000 	C:\WINDOWS\System32\msvcp_win.dll
0x00007ffc32aa0000 - 0x00007ffc32b43000 	C:\WINDOWS\System32\ADVAPI32.dll
0x00007ffc20e50000 - 0x00007ffc20e76000 	D:\programme\Vivado\Vivado\2017.4\lib\win64.o\libboost_filesystem.dll
0x00007ffc32b50000 - 0x00007ffc32bee000 	C:\WINDOWS\System32\msvcrt.dll
0x00007ffc310a0000 - 0x00007ffc31137000 	C:\WINDOWS\System32\sechost.dll
0x00007ffc29320000 - 0x00007ffc2932a000 	D:\programme\Vivado\Vivado\2017.4\lib\win64.o\librdi_commonversion.dll
0x00007ffc31dc0000 - 0x00007ffc31edf000 	C:\WINDOWS\System32\RPCRT4.dll
0x00007ffc08df0000 - 0x00007ffc08ef0000 	D:\programme\Vivado\Vivado\2017.4\lib\win64.o\librdi_commonxillic.dll
0x00007ffc31ee0000 - 0x00007ffc325c8000 	C:\WINDOWS\System32\SHELL32.dll
0x00007ffc30920000 - 0x00007ffc3096a000 	C:\WINDOWS\System32\cfgmgr32.dll
0x0000000073fb0000 - 0x00000000740db000 	D:\programme\Vivado\Vivado\2017.4\lib\win64.o\tcl85t.dll
0x00007ffc314e0000 - 0x00007ffc31587000 	C:\WINDOWS\System32\shcore.dll
0x00007ffc31d50000 - 0x00007ffc31dbf000 	C:\WINDOWS\System32\WS2_32.dll
0x00007ffc039a0000 - 0x00007ffc03d0e000 	D:\programme\Vivado\Vivado\2017.4\lib\win64.o\libCOIN-all.dll
0x00007ffc311a0000 - 0x00007ffc314d7000 	C:\WINDOWS\System32\combase.dll
0x00007ffc036e0000 - 0x00007ffc03995000 	D:\programme\Vivado\Vivado\2017.4\lib\win64.o\libXil_lmgr11.dll
0x00007ffc30060000 - 0x00007ffc300e1000 	C:\WINDOWS\System32\bcryptPrimitives.dll
0x00007ffc300f0000 - 0x00007ffc3086b000 	C:\WINDOWS\System32\windows.storage.dll
0x00007ffc32770000 - 0x00007ffc32840000 	C:\WINDOWS\System32\COMDLG32.dll
0x00007ffc2fe00000 - 0x00007ffc2fe23000 	C:\WINDOWS\System32\profapi.dll
0x00007ffc32870000 - 0x00007ffc328c2000 	C:\WINDOWS\System32\SHLWAPI.dll
0x00007ffc2fe30000 - 0x00007ffc2fe7a000 	C:\WINDOWS\System32\powrprof.dll
0x00007ffc217b0000 - 0x00007ffc217c4000 	D:\programme\Vivado\Vivado\2017.4\lib\win64.o\libboost_date_time.dll
0x00007ffc2fdd0000 - 0x00007ffc2fde0000 	C:\WINDOWS\System32\UMPDC.dll
0x00007ffc30fd0000 - 0x00007ffc31095000 	C:\WINDOWS\System32\OLEAUT32.dll
0x00007ffc2fe80000 - 0x00007ffc2fe91000 	C:\WINDOWS\System32\kernel.appcore.dll
0x00007ffc30040000 - 0x00007ffc30057000 	C:\WINDOWS\System32\cryptsp.dll
0x00007ffc31b80000 - 0x00007ffc31cd7000 	C:\WINDOWS\System32\ole32.dll
0x00007ffc1e7e0000 - 0x00007ffc1e85f000 	D:\programme\Vivado\Vivado\2017.4\lib\win64.o\libboost_program_options.dll
0x00007ffc30a40000 - 0x00007ffc30a9c000 	C:\WINDOWS\System32\WINTRUST.dll
0x00007ffc099f0000 - 0x00007ffc09b04000 	D:\programme\Vivado\Vivado\2017.4\lib\win64.o\libboost_regex.dll
0x00007ffc2fde0000 - 0x00007ffc2fdf2000 	C:\WINDOWS\System32\MSASN1.dll
0x00007ffc30e80000 - 0x00007ffc30fca000 	C:\WINDOWS\System32\CRYPT32.dll
0x00007ffc2ab10000 - 0x00007ffc2ab1b000 	D:\programme\Vivado\Vivado\2017.4\lib\win64.o\libboost_system.dll
0x00007ffc29450000 - 0x00007ffc2945f000 	D:\programme\Vivado\Vivado\2017.4\lib\win64.o\libboost_xilinx.dll
0x00007ffc09940000 - 0x00007ffc099e5000 	D:\programme\Vivado\Vivado\2017.4\lib\win64.o\libhdxml.dll
0x00007ffc16130000 - 0x00007ffc161b2000 	D:\programme\Vivado\Vivado\2017.4\lib\win64.o\libhdlpsolve.dll
0x00007ffbe7570000 - 0x00007ffbe7b5b400 	D:\programme\Vivado\Vivado\2017.4\lib\win64.o\libisl_iostreams.dll
0x00007ffc20e20000 - 0x00007ffc20e41000 	D:\programme\Vivado\Vivado\2017.4\lib\win64.o\libboost_thread.dll
0x00007ffc1e7b0000 - 0x00007ffc1e7de000 	D:\programme\Vivado\Vivado\2017.4\lib\win64.o\libisl_sysinfo.dll
0x0000000072ef0000 - 0x000000007378a000 	D:\programme\Vivado\Vivado\2017.4\tps\win64\jre\bin\server\jvm.dll
0x00007ffc093f0000 - 0x00007ffc09455000 	D:\programme\Vivado\Vivado\2017.4\lib\win64.o\liblmx6.0.dll
0x00007ffc16720000 - 0x00007ffc16735000 	D:\programme\Vivado\Vivado\2017.4\lib\win64.o\pthreadVC2.dll
0x00007ffc06dd0000 - 0x00007ffc06f21000 	D:\programme\Vivado\Vivado\2017.4\lib\win64.o\librdi_curl.dll
0x00007ffc16110000 - 0x00007ffc1612c000 	D:\programme\Vivado\Vivado\2017.4\lib\win64.o\librdiconfig.dll
0x00007ffc31b70000 - 0x00007ffc31b78000 	C:\WINDOWS\System32\PSAPI.DLL
0x00007ffc09910000 - 0x00007ffc09931000 	D:\programme\Vivado\Vivado\2017.4\lib\win64.o\librdizlib.dll
0x00007ffc1b9d0000 - 0x00007ffc1bea5000 	C:\WINDOWS\SYSTEM32\WININET.dll
0x0000000012000000 - 0x0000000012272000 	D:\programme\Vivado\Vivado\2017.4\lib\win64.o\xerces-c_3_1.dll
0x00007ffc23490000 - 0x00007ffc23580000 	C:\WINDOWS\SYSTEM32\WINHTTP.dll
0x00007ffc19f70000 - 0x00007ffc1a146000 	C:\WINDOWS\SYSTEM32\urlmon.dll
0x00007ffc24760000 - 0x00007ffc24777000 	C:\WINDOWS\SYSTEM32\NETAPI32.dll
0x00007ffc20bd0000 - 0x00007ffc20c79000 	C:\WINDOWS\WinSxS\amd64_microsoft.windows.common-controls_6595b64144ccf1df_5.82.18362.1316_none_73b62828d8134176\COMCTL32.dll
0x00007ffc1f550000 - 0x00007ffc1f559000 	C:\WINDOWS\SYSTEM32\WSOCK32.dll
0x00007ffc090c0000 - 0x00007ffc090e8000 	C:\WINDOWS\SYSTEM32\VCOMP140.DLL
0x00007ffbc45e0000 - 0x00007ffbc5471000 	D:\programme\Vivado\Vivado\2017.4\lib\win64.o\gurobi65.dll
0x00007ffc24460000 - 0x00007ffc2447c000 	C:\WINDOWS\SYSTEM32\dhcpcsvc.DLL
0x00007ffc32ed0000 - 0x00007ffc32ed8000 	C:\WINDOWS\System32\NSI.dll
0x00007ffc03610000 - 0x00007ffc036de000 	C:\WINDOWS\SYSTEM32\MSVCR110.dll
0x00007ffc098f0000 - 0x00007ffc0990b000 	D:\programme\Vivado\Vivado\2017.4\lib\win64.o\libboost_iostreams.dll
0x00007ffc16070000 - 0x00007ffc1607d000 	D:\programme\Vivado\Vivado\2017.4\lib\win64.o\libboost_chrono.dll
0x00007ffc09090000 - 0x00007ffc090b5000 	D:\programme\Vivado\Vivado\2017.4\lib\win64.o\libisl_iosutils.dll
0x00007ffc2dd30000 - 0x00007ffc2dd54000 	C:\WINDOWS\SYSTEM32\WINMM.dll
0x00007ffc24490000 - 0x00007ffc2449a000 	C:\WINDOWS\SYSTEM32\VERSION.dll
0x0000000072e10000 - 0x0000000072ee2000 	C:\WINDOWS\SYSTEM32\MSVCR100.dll
0x00007ffc19750000 - 0x00007ffc199f7000 	C:\WINDOWS\SYSTEM32\iertutil.dll
0x00007ffc2dd00000 - 0x00007ffc2dd2d000 	C:\WINDOWS\SYSTEM32\winmmbase.dll
0x00007ffc2f7e0000 - 0x00007ffc2f7ec000 	C:\WINDOWS\SYSTEM32\CRYPTBASE.DLL
0x00007ffc32740000 - 0x00007ffc3276e000 	C:\WINDOWS\System32\IMM32.DLL
0x00007ffc03180000 - 0x00007ffc0360a000 	D:\programme\Vivado\Vivado\2017.4\lib\win64.o\librdi_commontasks.dll
0x00007ffbf09b0000 - 0x00007ffbf0bef000 	D:\programme\Vivado\Vivado\2017.4\lib\win64.o\librdi_sio.dll
0x00007ffc2f320000 - 0x00007ffc2f35a000 	C:\WINDOWS\SYSTEM32\IPHLPAPI.DLL
0x00007ffbc2470000 - 0x00007ffbc45d5000 	D:\programme\Vivado\Vivado\2017.4\lib\win64.o\librdi_tcltasks.dll
0x00007ffbe65f0000 - 0x00007ffbe6956000 	D:\programme\Vivado\Vivado\2017.4\lib\win64.o\librdi_bitstream.dll
0x00007ffbee140000 - 0x00007ffbee2b9000 	D:\programme\Vivado\Vivado\2017.4\lib\win64.o\librdi_board.dll
0x00007ffc03110000 - 0x00007ffc0317a000 	D:\programme\Vivado\Vivado\2017.4\lib\win64.o\librdi_boarddep.dll
0x00007ffbc0d60000 - 0x00007ffbc246b000 	D:\programme\Vivado\Vivado\2017.4\lib\win64.o\librdi_constraints.dll
0x00007ffbd9e90000 - 0x00007ffbda0d6000 	D:\programme\Vivado\Vivado\2017.4\lib\win64.o\librdi_chipscope.dll
0x00007ffbf0880000 - 0x00007ffbf09a8000 	D:\programme\Vivado\Vivado\2017.4\lib\win64.o\librdi_containers.dll
0x00007ffbbc430000 - 0x00007ffbbf43e000 	D:\programme\Vivado\Vivado\2017.4\lib\win64.o\librdi_coregen.dll
0x00007ffbc0680000 - 0x00007ffbc0d57000 	D:\programme\Vivado\Vivado\2017.4\lib\win64.o\librdi_coregenipxact.dll
0x00007ffba04e0000 - 0x00007ffbaca72000 	D:\programme\Vivado\Vivado\2017.4\lib\win64.o\librdi_device.dll
0x00007ffbaca80000 - 0x00007ffbb05f6000 	D:\programme\Vivado\Vivado\2017.4\lib\win64.o\librdi_designutils.dll
0x00007ffbd9c10000 - 0x00007ffbd9e85000 	D:\programme\Vivado\Vivado\2017.4\lib\win64.o\librdi_dlyest.dll
0x00007ffbbff40000 - 0x00007ffbc0678000 	D:\programme\Vivado\Vivado\2017.4\lib\win64.o\librdi_drc.dll
0x00007ffbf4d00000 - 0x00007ffbf4dce000 	D:\programme\Vivado\Vivado\2017.4\lib\win64.o\librdi_dsp.dll
0x00007ffbbb6b0000 - 0x00007ffbbbc60000 	D:\programme\Vivado\Vivado\2017.4\lib\win64.o\librdi_filemgmt.dll
0x00007ffc017d0000 - 0x00007ffc01828000 	D:\programme\Vivado\Vivado\2017.4\lib\win64.o\librdi_hdf.dll
0x00007ffbd0240000 - 0x00007ffbd04bb000 	D:\programme\Vivado\Vivado\2017.4\lib\win64.o\librdi_guitools.dll
0x00007ffb9f610000 - 0x00007ffba04d9000 	D:\programme\Vivado\Vivado\2017.4\lib\win64.o\librdi_implflow.dll
0x00007ffbbb0b0000 - 0x00007ffbbb6a7000 	D:\programme\Vivado\Vivado\2017.4\lib\win64.o\librdi_memdata.dll
0x00007ffb9c160000 - 0x00007ffb9f601000 	D:\programme\Vivado\Vivado\2017.4\lib\win64.o\librdi_mig.dll
0x00007ffb9bcc0000 - 0x00007ffb9c153000 	D:\programme\Vivado\Vivado\2017.4\lib\win64.o\librdi_netlist.dll
0x00007ffc08da0000 - 0x00007ffc08de7000 	D:\programme\Vivado\Vivado\2017.4\lib\win64.o\librdi_pfi.dll
0x00007ffbd0010000 - 0x00007ffbd023b000 	D:\programme\Vivado\Vivado\2017.4\lib\win64.o\librdi_platform.dll
0x00007ffb99020000 - 0x00007ffb99574000 	D:\programme\Vivado\Vivado\2017.4\lib\win64.o\librdi_project.dll
0x00007ffb99580000 - 0x00007ffb99c0e000 	D:\programme\Vivado\Vivado\2017.4\lib\win64.o\librdi_power.dll
0x00007ffb99c10000 - 0x00007ffb9bcb5000 	D:\programme\Vivado\Vivado\2017.4\lib\win64.o\librdi_place.dll
0x00007ffb989b0000 - 0x00007ffb9901d000 	D:\programme\Vivado\Vivado\2017.4\lib\win64.o\librdi_psta.dll
0x00007ffb98210000 - 0x00007ffb989a7000 	D:\programme\Vivado\Vivado\2017.4\lib\win64.o\librdi_rsb.dll
0x00007ffb97e30000 - 0x00007ffb98209000 	D:\programme\Vivado\Vivado\2017.4\lib\win64.o\librdi_runs.dll
0x00007ffbee060000 - 0x00007ffbee137000 	D:\programme\Vivado\Vivado\2017.4\lib\win64.o\librdi_runsbase.dll
0x00007ffbe73b0000 - 0x00007ffbe7568000 	D:\programme\Vivado\Vivado\2017.4\lib\win64.o\librdi_simdata.dll
0x00007ffb971a0000 - 0x00007ffb97e23000 	D:\programme\Vivado\Vivado\2017.4\lib\win64.o\librdi_timing.dll
0x00007ffc010a0000 - 0x00007ffc010ec000 	D:\programme\Vivado\Vivado\2017.4\lib\win64.o\libboost_serialization.dll
0x00007ffbf29e0000 - 0x00007ffbf2a22000 	D:\programme\Vivado\Vivado\2017.4\lib\win64.o\librdi_ipconfig_readwrite.dll
0x00007ffbfc740000 - 0x00007ffbfc7ab000 	D:\programme\Vivado\Vivado\2017.4\lib\win64.o\librdi_hip_devdesign.dll
0x00007ffc00fe0000 - 0x00007ffc0100f000 	D:\programme\Vivado\Vivado\2017.4\lib\win64.o\librdi_noc_frameworks.dll
0x00007ffbbfd90000 - 0x00007ffbbff3b000 	D:\programme\Vivado\Vivado\2017.4\lib\win64.o\librdi_nocdb.dll
0x00007ffb966e0000 - 0x00007ffb97193000 	D:\programme\Vivado\Vivado\2017.4\lib\win64.o\libverific.dll
0x00007ffbbfbc0000 - 0x00007ffbbfd87000 	D:\programme\Vivado\Vivado\2017.4\lib\win64.o\librdi_noctools.dll
0x00007ffb96190000 - 0x00007ffb966de000 	D:\programme\Vivado\Vivado\2017.4\lib\win64.o\librdi_xdm.dll
0x00007ffbf1740000 - 0x00007ffbf17de000 	D:\programme\Vivado\Vivado\2017.4\lib\win64.o\libise.dll

VM Arguments:
jvm_args: -Dsun.java2d.pmoffscreen=false -Dsun.java2d.xrender=false -Dsun.java2d.d3d=false -Dsun.awt.nopixfmt=true -Xverify:none -Dswing.aatext=true -XX:-UsePerfData -Djdk.map.althashing.threshold=512 -XX:StringTableSize=4072 -XX:NewSize=60m -XX:MaxNewSize=60m -Xms128m -Xmx3072m -Xss5m 
java_command: <unknown>
java_class_path (initial): D:/programme/Vivado/Vivado/2017.4\lib\classes\alloy.jar;D:/programme/Vivado/Vivado/2017.4\lib\classes\autopilot.scelaborator.jar;D:/programme/Vivado/Vivado/2017.4\lib\classes\autopilot.sourceprocessor.jar;D:/programme/Vivado/Vivado/2017.4\lib\classes\autopilot.tbprocessor.jar;D:/programme/Vivado/Vivado/2017.4\lib\classes\batik-anim.jar;D:/programme/Vivado/Vivado/2017.4\lib\classes\batik-awt-util.jar;D:/programme/Vivado/Vivado/2017.4\lib\classes\batik-bridge.jar;D:/programme/Vivado/Vivado/2017.4\lib\classes\batik-codec.jar;D:/programme/Vivado/Vivado/2017.4\lib\classes\batik-css.jar;D:/programme/Vivado/Vivado/2017.4\lib\classes\batik-dom.jar;D:/programme/Vivado/Vivado/2017.4\lib\classes\batik-ext.jar;D:/programme/Vivado/Vivado/2017.4\lib\classes\batik-gui-util.jar;D:/programme/Vivado/Vivado/2017.4\lib\classes\batik-gvt.jar;D:/programme/Vivado/Vivado/2017.4\lib\classes\batik-parser.jar;D:/programme/Vivado/Vivado/2017.4\lib\classes\batik-script.jar;D:/programme/Vivado/Vivado/2017.4\lib\classes\batik-svg-dom.jar;D:/programme/Vivado/Vivado/2017.4\lib\classes\batik-swing.jar;D:/programme/Vivado/Vivado/2017.4\lib\classes\batik-transcoder.jar;D:/programme/Vivado/Vivado/2017.4\lib\classes\batik-util.jar;D:/programme/Vivado/Vivado/2017.4\lib\classes\batik-xml.jar;D:/programme/Vivado/Vivado/2017.4\lib\classes\com.ibm.icu_4.4.2.v20110208.jar;D:/programme/Vivado/Vivado/2017.4\lib\classes\commons-math-2.2.jar;D:/programme/Vivado/Vivado/2017.4\lib\classes\dom4j-1.6.1.jar;D:/programme/Vivado/Vivado/2017.4\lib\classes\guava-18.0.jar;D:/programme/Vivado/Vivado/2017.4\lib\classes\help.jar;D:/programme/Vivado/Vivado/2017.4\lib\classes\hsqldb.jar;D:/programme/Vivado/Vivado/2017.4\lib\classes\jargs.jar;D:/programme/Vivado/Vivado/2017.4\lib\classes\jh.jar;D:/programme/Vivado/Vivado/2017.4\lib\classes\jide-action.jar;D:/programme/Vivado/Vivado/2017.4\lib\classes\jide-charts.jar;D:/programme/Vivado/Vivado/2017.4\lib\classes\jide-common.jar;D:/programme/Vivado/Viv
Launcher Type: generic

Environment Variables:
PATH=D:/programme/Vivado/Vivado/2017.4/bin;D:/programme/Vivado/Vivado/2017.4/lib/win64.o;D:/programme/Vivado/Vivado/2017.4/tps/win64/jre/bin/server;D:/programme/Vivado/Vivado/2017.4/tps/win64/jre/bin;D:/programme/Vivado/SDK/2017.4/bin;D:/programme/Vivado/Vivado/2017.4/ids_lite/ISE/bin/nt64;D:/programme/Vivado/Vivado/2017.4/ids_lite/ISE/lib/nt64;C:\Program Files (x86)\Intel\iCLS Client\;C:\Program Files (x86)\Common Files\Oracle\Java\javapath;C:\ProgramData\Oracle\Java\javapath;C:\Program Files\Intel\iCLS Client\;C:\Windows\system32;C:\Windows;C:\Windows\System32\Wbem;C:\Windows\System32\WindowsPowerShell\v1.0\;C:\Program Files (x86)\GtkSharp\2.12\bin;C:\Program Files (x86)\NVIDIA Corporation\PhysX\Common;C:\WINDOWS\System32\OpenSSH\;C:\Program Files (x86)\Intel\Intel(R) Management Engine Components\DAL;C:\Program Files\Intel\Intel(R) Management Engine Components\DAL;C:\Program Files (x86)\Intel\Intel(R) Management Engine Components\IPT;C:\Program Files\Intel\Intel(R) Management Engine Components\IPT;C:\Program Files\NVIDIA Corporation\NVIDIA NvDLISR;C:\Program Files\Intel\WiFi\bin\;C:\Program Files\Common Files\Intel\WirelessCommon\;C:\Program Files\Microsoft SQL Server\130\Tools\Binn\;D:\programme\Putty\;C:\Program Files\Calibre2\;D:\programme\tortoiseSVN\bin;C:\Users\Lannuzel\AppData\Local\Microsoft\WindowsApps;D:\programme\Microsoft VS Code\bin;D:/programme/Vivado/Vivado/2017.4\tps\mingw\6.2.0\win64.o\nt\bin;D:/programme/Vivado/Vivado/2017.4\tps\mingw\6.2.0\win64.o\nt\libexec\gcc\x86_64-w64-mingw32\6.2.0
USERNAME=Lannuzel
OS=Windows_NT
PROCESSOR_IDENTIFIER=Intel64 Family 6 Model 158 Stepping 9, GenuineIntel



---------------  S Y S T E M  ---------------

OS: Windows 10.0 , 64 bit Build 18362 (10.0.18362.1316)

CPU:total 4 (4 cores per cpu, 1 threads per core) family 6 model 158 stepping 9, cmov, cx8, fxsr, mmx, sse, sse2, sse3, ssse3, sse4.1, sse4.2, popcnt, avx, avx2, aes, clmul, erms, 3dnowpref, lzcnt, tsc, tscinvbit, bmi1, bmi2, adx

Memory: 4k page, physical 8304352k(1881800k free), swap 15980424k(3180608k free)

vm_info: Java HotSpot(TM) 64-Bit Server VM (25.112-b15) for windows-amd64 JRE (1.8.0_112-b15), built on Sep 22 2016 21:31:56 by "java_re" with MS VC++ 10.0 (VS2010)

time: Thu Jan 21 23:10:42 2021
elapsed time: 1489 seconds (0d 0h 24m 49s)

